<?xml version="1.0" encoding="UTF-8"?>
<testng-results ignored="0" total="1" passed="1" failed="0" skipped="0">
  <reporter-output>
  </reporter-output>
  <suite started-at="2023-12-13T13:16:20 EST" name="Default suite" finished-at="2023-12-13T13:16:23 EST" duration-ms="2285">
    <groups>
    </groups>
    <test started-at="2023-12-13T13:16:20 EST" name="Default test" finished-at="2023-12-13T13:16:23 EST" duration-ms="2285">
      <class name="org.testing.testscripts.TC2_GetAllRequest">
        <test-method signature="tc2()[pri:0, instance:org.testing.testscripts.TC2_GetAllRequest@2dc54ad4]" started-at="2023-12-13T13:16:20 EST" name="tc2" finished-at="2023-12-13T13:16:23 EST" duration-ms="2207" status="PASS">
          <reporter-output>
          </reporter-output>
        </test-method> <!-- tc2 -->
      </class> <!-- org.testing.testscripts.TC2_GetAllRequest -->
    </test> <!-- Default test -->
  </suite> <!-- Default suite -->
</testng-results>
